09:52:30 **** Incremental Build of configuration Debug for project BP3_Proje1 ****
Info: Internal Builder is used for build
gcc -O0 -g3 -Wall -c -fmessage-length=0 -o "src\\BP3_Proje1.o" "..\\src\\BP3_Proje1.c" 
..\src\BP3_Proje1.c: In function 'random':
..\src\BP3_Proje1.c:19:9: warning: variable 'a' set but not used [-Wunused-but-set-variable]
  double a;
         ^
..\src\BP3_Proje1.c:22:18: warning: 'ts.tv_nsec' is used uninitialized in this function [-Wuninitialized]
  srand((time_t)ts.tv_nsec);
                ~~^~~~~~~~
gcc -o BP3_Proje1.exe "src\\BP3_Proje1.o" 
09:52:49 **** Incremental Build of configuration Debug for project BP3_Proje1 ****
Info: Internal Builder is used for build
gcc -O0 -g3 -Wall -c -fmessage-length=0 -o "src\\BP3_Proje1.o" "..\\src\\BP3_Proje1.c" 
..\src\BP3_Proje1.c: In function 'random':
..\src\BP3_Proje1.c:22:18: warning: 'ts.tv_nsec' is used uninitialized in this function [-Wuninitialized]
  srand((time_t)ts.tv_nsec);
                ~~^~~~~~~~
gcc -o BP3_Proje1.exe "src\\BP3_Proje1.o" 
09:53:17 **** Incremental Build of configuration Debug for project BP3_Proje1 ****
Info: Internal Builder is used for build
gcc -O0 -g3 -Wall -c -fmessage-length=0 -o "src\\BP3_Proje1.o" "..\\src\\BP3_Proje1.c" 
..\src\BP3_Proje1.c: In function 'random':
..\src\BP3_Proje1.c:21:2: warning: implicit declaration of function 'gettimeofday' [-Wimplicit-function-declaration]
  gettimeofday(&t1,NULL);
  ^~~~~~~~~~~~
gcc -o BP3_Proje1.exe "src\\BP3_Proje1.o" 
09:54:12 **** Incremental Build of configuration Debug for project BP3_Proje1 ****
Info: Internal Builder is used for build
gcc -O0 -g3 -Wall -c -fmessage-length=0 -o "src\\BP3_Proje1.o" "..\\src\\BP3_Proje1.c" 
..\src\BP3_Proje1.c: In function 'random':
..\src\BP3_Proje1.c:22:2: warning: implicit declaration of function 'gettimeofday' [-Wimplicit-function-declaration]
  gettimeofday(&t1,NULL);
  ^~~~~~~~~~~~
gcc -o BP3_Proje1.exe "src\\BP3_Proje1.o" 
09:54:30 **** Incremental Build of configuration Debug for project BP3_Proje1 ****
Info: Internal Builder is used for build
gcc -O0 -g3 -Wall -c -fmessage-length=0 -o "src\\BP3_Proje1.o" "..\\src\\BP3_Proje1.c" 
gcc -o BP3_Proje1.exe "src\\BP3_Proje1.o" 
09:56:25 **** Incremental Build of configuration Debug for project BP3_Proje1 ****
Info: Internal Builder is used for build
gcc -O0 -g3 -Wall -c -fmessage-length=0 -o "src\\BP3_Proje1.o" "..\\src\\BP3_Proje1.c" 
gcc -o BP3_Proje1.exe "src\\BP3_Proje1.o" 
09:56:56 **** Incremental Build of configuration Debug for project BP3_Proje1 ****
Info: Internal Builder is used for build
gcc -O0 -g3 -Wall -c -fmessage-length=0 -o "src\\BP3_Proje1.o" "..\\src\\BP3_Proje1.c" 
gcc -o BP3_Proje1.exe "src\\BP3_Proje1.o" 
Info: Nothing to build for BP3_Proje1
09:58:04 **** Incremental Build of configuration Debug for project BP3_Proje1 ****
Info: Internal Builder is used for build
gcc -O0 -g3 -Wall -c -fmessage-length=0 -o "src\\BP3_Proje1.o" "..\\src\\BP3_Proje1.c" 
..\src\BP3_Proje1.c: In function 'random':
..\src\BP3_Proje1.c:24:2: warning: implicit declaration of function 'gettimeofday' [-Wimplicit-function-declaration]
  gettimeofday(&t1,NULL);
  ^~~~~~~~~~~~
gcc -o BP3_Proje1.exe "src\\BP3_Proje1.o" 
09:59:11 **** Incremental Build of configuration Debug for project BP3_Proje1 ****
Info: Internal Builder is used for build
gcc -O0 -g3 -Wall -c -fmessage-length=0 -o "src\\BP3_Proje1.o" "..\\src\\BP3_Proje1.c" 
..\src\BP3_Proje1.c: In function 'random':
..\src\BP3_Proje1.c:24:2: warning: implicit declaration of function 'gettimeofday' [-Wimplicit-function-declaration]
  gettimeofday(&t1,NULL);
  ^~~~~~~~~~~~
gcc -o BP3_Proje1.exe "src\\BP3_Proje1.o" 
09:59:39 **** Incremental Build of configuration Debug for project BP3_Proje1 ****
Info: Internal Builder is used for build
gcc -O0 -g3 -Wall -c -fmessage-length=0 -o "src\\BP3_Proje1.o" "..\\src\\BP3_Proje1.c" 
..\src\BP3_Proje1.c: In function 'random':
..\src\BP3_Proje1.c:24:2: warning: implicit declaration of function 'gettimeofday' [-Wimplicit-function-declaration]
  gettimeofday(&t1,NULL);
  ^~~~~~~~~~~~
gcc -o BP3_Proje1.exe "src\\BP3_Proje1.o" 
10:02:16 **** Incremental Build of configuration Debug for project BP3_Proje1 ****
Info: Internal Builder is used for build
gcc -O0 -g3 -Wall -c -fmessage-length=0 -o "src\\BP3_Proje1.o" "..\\src\\BP3_Proje1.c" 
..\src\BP3_Proje1.c: In function 'random':
..\src\BP3_Proje1.c:24:2: warning: implicit declaration of function 'gettimeofday' [-Wimplicit-function-declaration]
  gettimeofday(&t1,NULL);
  ^~~~~~~~~~~~
gcc -o BP3_Proje1.exe "src\\BP3_Proje1.o" 
10:07:43 **** Incremental Build of configuration Debug for project BP3_Proje1 ****
Info: Internal Builder is used for build
gcc -O0 -g3 -Wall -c -fmessage-length=0 -o "src\\BP3_Proje1.o" "..\\src\\BP3_Proje1.c" 
..\src\BP3_Proje1.c: In function 'random':
..\src\BP3_Proje1.c:25:2: warning: implicit declaration of function 'gettimeofday' [-Wimplicit-function-declaration]
  gettimeofday(&t1,NULL);
  ^~~~~~~~~~~~
gcc -o BP3_Proje1.exe "src\\BP3_Proje1.o" 
10:08:16 **** Incremental Build of configuration Debug for project BP3_Proje1 ****
Info: Internal Builder is used for build
gcc -O0 -g3 -Wall -c -fmessage-length=0 -o "src\\BP3_Proje1.o" "..\\src\\BP3_Proje1.c" 
..\src\BP3_Proje1.c: In function 'random':
..\src\BP3_Proje1.c:24:2: warning: implicit declaration of function 'gettimeofday' [-Wimplicit-function-declaration]
  gettimeofday(&t1,NULL);
  ^~~~~~~~~~~~
gcc -o BP3_Proje1.exe "src\\BP3_Proje1.o" 
10:09:18 **** Incremental Build of configuration Debug for project BP3_Proje1 ****
Info: Internal Builder is used for build
gcc -O0 -g3 -Wall -c -fmessage-length=0 -o "src\\BP3_Proje1.o" "..\\src\\BP3_Proje1.c" 
..\src\BP3_Proje1.c: In function 'random':
..\src\BP3_Proje1.c:24:2: warning: implicit declaration of function 'gettimeofday' [-Wimplicit-function-declaration]
  gettimeofday(&t1,NULL);
  ^~~~~~~~~~~~
gcc -o BP3_Proje1.exe "src\\BP3_Proje1.o" 
10:11:42 **** Incremental Build of configuration Debug for project BP3_Proje1 ****
Info: Internal Builder is used for build
gcc -O0 -g3 -Wall -c -fmessage-length=0 -o "src\\BP3_Proje1.o" "..\\src\\BP3_Proje1.c" 
..\src\BP3_Proje1.c: In function 'random':
..\src\BP3_Proje1.c:24:2: warning: implicit declaration of function 'gettimeofday' [-Wimplicit-function-declaration]
  gettimeofday(&t1,NULL);
  ^~~~~~~~~~~~
..\src\BP3_Proje1.c:25:31: warning: 'a' is used uninitialized in this function [-Wuninitialized]
  srand(ts.tv_nsec * ts.tv_sec * a);
        ~~~~~~~~~~~~~~~~~~~~~~~^~~
gcc -o BP3_Proje1.exe "src\\BP3_Proje1.o" 
10:12:04 **** Incremental Build of configuration Debug for project BP3_Proje1 ****
Info: Internal Builder is used for build
gcc -O0 -g3 -Wall -c -fmessage-length=0 -o "src\\BP3_Proje1.o" "..\\src\\BP3_Proje1.c" 
..\src\BP3_Proje1.c: In function 'random':
..\src\BP3_Proje1.c:24:2: warning: implicit declaration of function 'gettimeofday' [-Wimplicit-function-declaration]
  gettimeofday(&t1,NULL);
  ^~~~~~~~~~~~
..\src\BP3_Proje1.c:25:31: warning: 'a' is used uninitialized in this function [-Wuninitialized]
  srand(ts.tv_nsec * ts.tv_sec * a);
        ~~~~~~~~~~~~~~~~~~~~~~~^~~
gcc -o BP3_Proje1.exe "src\\BP3_Proje1.o" 
10:12:47 **** Incremental Build of configuration Debug for project BP3_Proje1 ****
Info: Internal Builder is used for build
gcc -O0 -g3 -Wall -c -fmessage-length=0 -o "src\\BP3_Proje1.o" "..\\src\\BP3_Proje1.c" 
..\src\BP3_Proje1.c: In function 'random':
..\src\BP3_Proje1.c:24:2: warning: implicit declaration of function 'gettimeofday' [-Wimplicit-function-declaration]
  gettimeofday(&t1,NULL);
  ^~~~~~~~~~~~
In file included from ..\src\BP3_Proje1.c:14:0:
At top level:
..\src\myHeader.h:26:17: warning: 'ns' defined but not used [-Wunused-function]
 static uint64_t ns() {
                 ^~
..\src\BP3_Proje1.c: In function 'random':
..\src\BP3_Proje1.c:25:31: warning: 'a' is used uninitialized in this function [-Wuninitialized]
  srand(ts.tv_nsec * ts.tv_sec * a);
        ~~~~~~~~~~~~~~~~~~~~~~~^~~
gcc -o BP3_Proje1.exe "src\\BP3_Proje1.o" 
10:13:21 **** Incremental Build of configuration Debug for project BP3_Proje1 ****
Info: Internal Builder is used for build
gcc -O0 -g3 -Wall -c -fmessage-length=0 -o "src\\BP3_Proje1.o" "..\\src\\BP3_Proje1.c" 
..\src\BP3_Proje1.c: In function 'random':
..\src\BP3_Proje1.c:24:2: warning: implicit declaration of function 'gettimeofday' [-Wimplicit-function-declaration]
  gettimeofday(&t1,NULL);
  ^~~~~~~~~~~~
..\src\BP3_Proje1.c:20:9: warning: unused variable 't' [-Wunused-variable]
  time_t t;
         ^
In file included from ..\src\BP3_Proje1.c:14:0:
At top level:
..\src\myHeader.h:26:17: warning: 'ns' defined but not used [-Wunused-function]
 static uint64_t ns() {
                 ^~
..\src\BP3_Proje1.c: In function 'random':
..\src\BP3_Proje1.c:25:31: warning: 'a' is used uninitialized in this function [-Wuninitialized]
  srand(ts.tv_nsec * ts.tv_sec * a);
        ~~~~~~~~~~~~~~~~~~~~~~~^~~
gcc -o BP3_Proje1.exe "src\\BP3_Proje1.o" 
10:14:01 **** Incremental Build of configuration Debug for project BP3_Proje1 ****
Info: Internal Builder is used for build
gcc -O0 -g3 -Wall -c -fmessage-length=0 -o "src\\BP3_Proje1.o" "..\\src\\BP3_Proje1.c" 
..\src\BP3_Proje1.c: In function 'random':
..\src\BP3_Proje1.c:21:10: warning: unused variable 't1' [-Wunused-variable]
  TIMEVAL t1;
          ^~
..\src\BP3_Proje1.c:20:9: warning: unused variable 't' [-Wunused-variable]
  time_t t;
         ^
In file included from ..\src\BP3_Proje1.c:14:0:
At top level:
..\src\myHeader.h:26:17: warning: 'ns' defined but not used [-Wunused-function]
 static uint64_t ns() {
                 ^~
..\src\BP3_Proje1.c: In function 'random':
..\src\BP3_Proje1.c:25:10: warning: 'ts.tv_nsec' is used uninitialized in this function [-Wuninitialized]
  srand(ts.tv_nsec * ts.tv_sec * a);
        ~~^~~~~~~~
..\src\BP3_Proje1.c:25:23: warning: 'ts.tv_sec' is used uninitialized in this function [-Wuninitialized]
  srand(ts.tv_nsec * ts.tv_sec * a);
                     ~~^~~~~~~
..\src\BP3_Proje1.c:25:31: warning: 'a' is used uninitialized in this function [-Wuninitialized]
  srand(ts.tv_nsec * ts.tv_sec * a);
        ~~~~~~~~~~~~~~~~~~~~~~~^~~
gcc -o BP3_Proje1.exe "src\\BP3_Proje1.o" 
10:14:52 **** Incremental Build of configuration Debug for project BP3_Proje1 ****
Info: Internal Builder is used for build
gcc -O0 -g3 -Wall -c -fmessage-length=0 -o "src\\BP3_Proje1.o" "..\\src\\BP3_Proje1.c" 
..\src\BP3_Proje1.c: In function 'random':
..\src\BP3_Proje1.c:21:10: warning: unused variable 't1' [-Wunused-variable]
  TIMEVAL t1;
          ^~
..\src\BP3_Proje1.c:20:9: warning: unused variable 't' [-Wunused-variable]
  time_t t;
         ^
In file included from ..\src\BP3_Proje1.c:14:0:
At top level:
..\src\myHeader.h:26:17: warning: 'ns' defined but not used [-Wunused-function]
 static uint64_t ns() {
                 ^~
..\src\BP3_Proje1.c: In function 'random':
..\src\BP3_Proje1.c:25:10: warning: 'ts.tv_nsec' is used uninitialized in this function [-Wuninitialized]
  srand(ts.tv_nsec * ts.tv_sec * a);
        ~~^~~~~~~~
..\src\BP3_Proje1.c:25:23: warning: 'ts.tv_sec' is used uninitialized in this function [-Wuninitialized]
  srand(ts.tv_nsec * ts.tv_sec * a);
                     ~~^~~~~~~
..\src\BP3_Proje1.c:25:31: warning: 'a' is used uninitialized in this function [-Wuninitialized]
  srand(ts.tv_nsec * ts.tv_sec * a);
        ~~~~~~~~~~~~~~~~~~~~~~~^~~
gcc -o BP3_Proje1.exe "src\\BP3_Proje1.o" 
22:34:29 **** Incremental Build of configuration Debug for project BP3_Proje1 ****
Info: Internal Builder is used for build
gcc -O0 -g3 -Wall -c -fmessage-length=0 -o "src\\BP3_Proje1.o" "..\\src\\BP3_Proje1.c" 
..\src\BP3_Proje1.c: In function 'random':
..\src\BP3_Proje1.c:24:2: warning: implicit declaration of function 'gettimeofday' [-Wimplicit-function-declaration]
  gettimeofday(&t1,NULL);
  ^~~~~~~~~~~~
..\src\BP3_Proje1.c:20:9: warning: unused variable 't' [-Wunused-variable]
  time_t t;
         ^
..\src\BP3_Proje1.c:18:18: warning: unused variable 'ts' [-Wunused-variable]
  struct timespec ts;
                  ^~
In file included from ..\src\BP3_Proje1.c:14:0:
At top level:
..\src\myHeader.h:26:17: warning: 'ns' defined but not used [-Wunused-function]
 static uint64_t ns() {
                 ^~
gcc -o BP3_Proje1.exe "src\\BP3_Proje1.o" 
22:35:07 **** Incremental Build of configuration Debug for project BP3_Proje1 ****
Info: Internal Builder is used for build
gcc -O0 -g3 -Wall -c -fmessage-length=0 -o "src\\BP3_Proje1.o" "..\\src\\BP3_Proje1.c" 
..\src\BP3_Proje1.c: In function 'random':
..\src\BP3_Proje1.c:24:2: warning: implicit declaration of function 'gettimeofday' [-Wimplicit-function-declaration]
  gettimeofday(&t1,NULL);
  ^~~~~~~~~~~~
..\src\BP3_Proje1.c:20:9: warning: unused variable 't' [-Wunused-variable]
  time_t t;
         ^
..\src\BP3_Proje1.c:18:18: warning: unused variable 'ts' [-Wunused-variable]
  struct timespec ts;
                  ^~
In file included from ..\src\BP3_Proje1.c:14:0:
At top level:
..\src\myHeader.h:26:17: warning: 'ns' defined but not used [-Wunused-function]
 static uint64_t ns() {
                 ^~
gcc -o BP3_Proje1.exe "src\\BP3_Proje1.o" 
22:35:22 **** Incremental Build of configuration Debug for project BP3_Proje1 ****
Info: Internal Builder is used for build
gcc -O0 -g3 -Wall -c -fmessage-length=0 -o "src\\BP3_Proje1.o" "..\\src\\BP3_Proje1.c" 
..\src\BP3_Proje1.c: In function 'random':
..\src\BP3_Proje1.c:24:2: warning: implicit declaration of function 'gettimeofday' [-Wimplicit-function-declaration]
  gettimeofday(&t1,NULL);
  ^~~~~~~~~~~~
..\src\BP3_Proje1.c:20:9: warning: unused variable 't' [-Wunused-variable]
  time_t t;
         ^
..\src\BP3_Proje1.c:18:18: warning: unused variable 'ts' [-Wunused-variable]
  struct timespec ts;
                  ^~
In file included from ..\src\BP3_Proje1.c:14:0:
At top level:
..\src\myHeader.h:26:17: warning: 'ns' defined but not used [-Wunused-function]
 static uint64_t ns() {
                 ^~
gcc -o BP3_Proje1.exe "src\\BP3_Proje1.o" 
